(---------------------------------------------------------------------)
(                                                                     )
(    IPC-D-356                                                        )
(                                                                     )
(    Software Version : 17.2S053                                      )
(    Date/Time        : Tue Apr 30 19:12:48 2019                      )
(                                                                     )
(---------------------------------------------------------------------)


Warning: String S_R190_30_M190_30_P190_30 exceeds record length on line 98 at column 0
Warning: String SH_O075X056-060X033T_TOL2_2 exceeds record length on line 196 at column 0
Warning: String R090X052S_SM086X047SXP exceeds record length on line 331 at column 0
Warning: String SH_R010X030S_SM014X034_SP009X029 exceeds record length on line 335 at column 0
Warning: Found a mechanical pin at location (2957.00 1246.00) with no drill - skipping.
Warning: Found a mechanical pin at location (-255.00 3282.00) with no drill - skipping.
Warning: Found a mechanical pin at location (-257.00 1497.00) with no drill - skipping.
Warning: Found a mechanical pin at location (2931.00 -58.00) with no drill - skipping.
Warning: Found a mechanical pin at location (2707.00 3234.00) with no drill - skipping.
Warning: Found a mechanical pin at location (-253.00 -537.00) with no drill - skipping.
Warning: Found a mechanical pin at location (1911.57 1498.31) with no drill - skipping.
Warning: Found a mechanical pin at location (1911.57 1792.01) with no drill - skipping.
Warning: Found a mechanical pin at location (2205.27 1792.01) with no drill - skipping.
Warning: Found a mechanical pin at location (2205.27 1498.31) with no drill - skipping.
Warning: Found a mechanical pin at location (862.37 1595.39) with no drill - skipping.
Warning: Found a mechanical pin at location (862.37 2748.93) with no drill - skipping.
Warning: String SHLD1 exceeds record length on line 1410 at column 27
Warning: String SHLD2 exceeds record length on line 1416 at column 27


------------------------------------------
SUMMARY:
  Errors:       0
  Warnings:    18
