(---------------------------------------------------------------------)
(                                                                     )
(    NC DRILL Log                                                     )
(                                                                     )
(    Drawing          : eI_Arrow_IMX8XML_RD_LAYOUT.brd                )
(    Software Version : 17.2S053                                      )
(    Date/Time        : Tue Apr 30 19:12:18 2019                      )
(                                                                     )
(---------------------------------------------------------------------)



 Processing NC Parameters file 'nc_param.txt' ...

 NC PARAMETERS
 -------------

 FORMAT   		2.5
 MACHINE-OFFSET		x:0.00000	y:0.00000   (inch)
 FEEDRATE		1
 COORDINATES		ABSOLUTE
 OUTPUT-UNITS		ENGLISH
 TOOL-ORDER		INCREASING
 REPEAT-CODES		NO
 SUPPRESS-LEAD-ZEROES	NO
 SUPPRESS-TRAIL-ZEROES	NO
 SUPPRESS-EQUAL		NO
 TOOL-SELECT		YES
 HEADER			none
 LEADER			12
 CODE			ASCII
 SEPARATE		NO
 SEPARATE-ROUTING	NO
 OPTIMIZE_DRILLING	NO
 ENHANCED_EXCELLON	NO
 SCALE			1.000000

 WARNING(SPMHMF-358): Design precision is the same as that of the drill output file data.
 WARNING(SPMHMF-359): Data rounding errors may still be possible.
 WARNING(SPMHMF-365): This design contains 11 slot holes that cannot be drilled.
 WARNING(SPMHMF-366): They can be processed by NC routing instead.
 WARNING(SPMHMF-368): Cannot find NC Drill tool file 'nc_tools.txt'
 WARNING(SPMHMF-369): ... will auto-generate tool file 'nc_tools_auto.txt'.


     Auto-generating tool file 'nc_tools_auto.txt' ...

           Size  Plating  Tool        + Tolerance  - Tolerance

           8.00  P        T01            1.000000     1.000000
          12.00  P        T02            3.000000     3.000000
          28.00  P        T03            3.000000     3.000000
          35.00  P        T04            3.000000     3.000000
          40.00  P        T05            3.000000     3.000000
          47.00  P        T06            3.000000     3.000000
          51.18  P        T07            3.000000     3.000000
          63.00  P        T08            3.000000     3.000000
          91.00  P        T09            2.000000     2.000000
         100.00  P        T10            3.000000     0.000000
         126.00  P        T11            3.000000     3.000000
          32.00  N        T12            3.000000     3.000000
          34.00  N        T13            3.000000     3.000000
          44.00  N        T14            3.000000     3.000000
          48.00  N        T15            3.000000     3.000000
          51.00  N        T16            3.000000     3.000000
          63.00  N        T17            3.000000     3.000000
         128.00  N        T18            3.000000     3.000000


 Drill files being output to directory 'D:/Projects/IMX8XML/gama/final' ...



     'eI_Arrow_IMX8XML_RD_LAYOUT-1-12.drl' created for holes connecting TOP and BOTTOM
     ---------------------------------------------------------------------------------

     Tool  Num     Size      +/- Tolerance     Plating   Quantity

     T01    1.   8.0000    1.0000/  1.0000      PLATED       1784
     T02    2.  12.0000    3.0000/  3.0000      PLATED        275
     T03    3.  28.0000    3.0000/  3.0000      PLATED         28
     T04    4.  35.0000    3.0000/  3.0000      PLATED         10
     T05    5.  40.0000    3.0000/  3.0000      PLATED          3
     T06    6.  47.0000    3.0000/  3.0000      PLATED          4
     T07    7.  51.1800    3.0000/  3.0000      PLATED          4
     T08    8.  63.0000    3.0000/  3.0000      PLATED          2
     T09    9.  91.0000    2.0000/  2.0000      PLATED          4
     T10   10. 100.0000    3.0000/  0.0000      PLATED          6
     T11   11. 126.0000    3.0000/  3.0000      PLATED          2
     T12   12.  32.0000    3.0000/  3.0000  NON_PLATED          5
     T13   13.  34.0000    3.0000/  3.0000  NON_PLATED          2
     T14   14.  44.0000    3.0000/  3.0000  NON_PLATED          1
     T15   15.  48.0000    3.0000/  3.0000  NON_PLATED          1
     T16   16.  51.0000    3.0000/  3.0000  NON_PLATED          2
     T17   17.  63.0000    3.0000/  3.0000  NON_PLATED          1
     T18   18. 128.0000    3.0000/  3.0000  NON_PLATED          2

     ---- Total holes:                                       2136

     ---- Total head travel:              59.49 feet (18.13 meters)

